C:\USERS\BRADEN STEFFANIAK\DOCUMENTS\GITHUB\CFOXYLIB\CFOXYLIB\DEBUG\BUFFER.OBJ
C:\USERS\BRADEN STEFFANIAK\DOCUMENTS\GITHUB\CFOXYLIB\CFOXYLIB\DEBUG\BUNDLE.OBJ
C:\USERS\BRADEN STEFFANIAK\DOCUMENTS\GITHUB\CFOXYLIB\CFOXYLIB\DEBUG\FRAME.OBJ
C:\USERS\BRADEN STEFFANIAK\DOCUMENTS\GITHUB\CFOXYLIB\CFOXYLIB\DEBUG\COMPONENT.OBJ
C:\USERS\BRADEN STEFFANIAK\DOCUMENTS\GITHUB\CFOXYLIB\CFOXYLIB\DEBUG\PANEL.OBJ
C:\USERS\BRADEN STEFFANIAK\DOCUMENTS\GITHUB\CFOXYLIB\CFOXYLIB\DEBUG\GL.OBJ
C:\USERS\BRADEN STEFFANIAK\DOCUMENTS\GITHUB\CFOXYLIB\CFOXYLIB\DEBUG\COLOR.OBJ
C:\USERS\BRADEN STEFFANIAK\DOCUMENTS\GITHUB\CFOXYLIB\CFOXYLIB\DEBUG\FRAMELISTENER.OBJ
C:\USERS\BRADEN STEFFANIAK\DOCUMENTS\GITHUB\CFOXYLIB\CFOXYLIB\DEBUG\FRAMEEVENT.OBJ
C:\USERS\BRADEN STEFFANIAK\DOCUMENTS\GITHUB\CFOXYLIB\CFOXYLIB\DEBUG\EVENT.OBJ
C:\USERS\BRADEN STEFFANIAK\DOCUMENTS\GITHUB\CFOXYLIB\CFOXYLIB\DEBUG\RESOURCELOCATOR.OBJ
C:\USERS\BRADEN STEFFANIAK\DOCUMENTS\GITHUB\CFOXYLIB\CFOXYLIB\DEBUG\MOUSE.OBJ
C:\USERS\BRADEN STEFFANIAK\DOCUMENTS\GITHUB\CFOXYLIB\CFOXYLIB\DEBUG\INTERSECTS.OBJ
C:\USERS\BRADEN STEFFANIAK\DOCUMENTS\GITHUB\CFOXYLIB\CFOXYLIB\DEBUG\TEXTURE.OBJ
C:\USERS\BRADEN STEFFANIAK\DOCUMENTS\GITHUB\CFOXYLIB\CFOXYLIB\DEBUG\TIME.OBJ
C:\USERS\BRADEN STEFFANIAK\DOCUMENTS\GITHUB\CFOXYLIB\CFOXYLIB\DEBUG\VC110.PDB
C:\USERS\BRADEN STEFFANIAK\DOCUMENTS\GITHUB\CFOXYLIB\CFOXYLIB\DEBUG\FOXYTIME.OBJ
C:\USERS\BRADEN STEFFANIAK\DOCUMENTS\GITHUB\CFOXYLIB\DEBUG\CFOXYLIB.LIB
C:\Users\Braden Steffaniak\Documents\GitHub\CFoxyLib\CFoxyLib\Debug\Buffer.obj
C:\Users\Braden Steffaniak\Documents\GitHub\CFoxyLib\CFoxyLib\Debug\Bundle.obj
C:\Users\Braden Steffaniak\Documents\GitHub\CFoxyLib\CFoxyLib\Debug\Color.obj
C:\Users\Braden Steffaniak\Documents\GitHub\CFoxyLib\CFoxyLib\Debug\Component.obj
C:\Users\Braden Steffaniak\Documents\GitHub\CFoxyLib\CFoxyLib\Debug\Event.obj
C:\Users\Braden Steffaniak\Documents\GitHub\CFoxyLib\CFoxyLib\Debug\FoxyTime.obj
C:\Users\Braden Steffaniak\Documents\GitHub\CFoxyLib\CFoxyLib\Debug\Frame.obj
C:\Users\Braden Steffaniak\Documents\GitHub\CFoxyLib\CFoxyLib\Debug\FrameEvent.obj
C:\Users\Braden Steffaniak\Documents\GitHub\CFoxyLib\CFoxyLib\Debug\FrameListener.obj
C:\Users\Braden Steffaniak\Documents\GitHub\CFoxyLib\CFoxyLib\Debug\GL.obj
C:\Users\Braden Steffaniak\Documents\GitHub\CFoxyLib\CFoxyLib\Debug\Intersects.obj
C:\Users\Braden Steffaniak\Documents\GitHub\CFoxyLib\CFoxyLib\Debug\Mouse.obj
C:\Users\Braden Steffaniak\Documents\GitHub\CFoxyLib\CFoxyLib\Debug\Panel.obj
C:\Users\Braden Steffaniak\Documents\GitHub\CFoxyLib\CFoxyLib\Debug\ResourceLocator.obj
C:\Users\Braden Steffaniak\Documents\GitHub\CFoxyLib\CFoxyLib\Debug\Texture.obj
C:\Users\Braden Steffaniak\Documents\GitHub\CFoxyLib\CFoxyLib\Debug\Time.obj
C:\Users\Braden Steffaniak\Documents\GitHub\CFoxyLib\CFoxyLib\Debug\cl.command.1.tlog
C:\Users\Braden Steffaniak\Documents\GitHub\CFoxyLib\CFoxyLib\Debug\CL.read.1.tlog
C:\Users\Braden Steffaniak\Documents\GitHub\CFoxyLib\CFoxyLib\Debug\CL.write.1.tlog
C:\Users\Braden Steffaniak\Documents\GitHub\CFoxyLib\CFoxyLib\Debug\Lib-link.read.1.tlog
C:\Users\Braden Steffaniak\Documents\GitHub\CFoxyLib\CFoxyLib\Debug\Lib-link.write.1.tlog
C:\Users\Braden Steffaniak\Documents\GitHub\CFoxyLib\CFoxyLib\Debug\lib.command.1.tlog
C:\Users\Braden Steffaniak\Documents\GitHub\CFoxyLib\CFoxyLib\Debug\vc110.idb
C:\Users\Braden Steffaniak\Documents\GitHub\CFoxyLib\CFoxyLib\Debug\vc110.pdb
C:\Users\Braden Steffaniak\Documents\GitHub\CFoxyLib\Debug\CFoxyLib.lib
